<?xml version="1.0" encoding="UTF-8"?>
<testsuite xmlns:xsi="http://www.w3.org/2001/XMLSchema-instance" xsi:noNamespaceSchemaLocation="https://maven.apache.org/surefire/maven-surefire-plugin/xsd/surefire-test-report-3.0.xsd" version="3.0" name="poe.MessageTest" time="0.213" tests="10" errors="0" skipped="0" failures="0">
  <properties>
[...]
</properties>
  <testcase name="testRecipientNumberInvalid" classname="poe.MessageTest" time="0.017">
    <system-out><![CDATA[Recipient Number is Invalid: false, Cellphone number is incorrectly formatted or does not contain an international code.Please correct the number and try again.
]]></system-out>
  </testcase>
  <testcase name="testDiscardMessage" classname="poe.MessageTest" time="0.005">
    <system-out><![CDATA[Message Discard Result: Press 0 to delete message.
]]></system-out>
  </testcase>
  <testcase name="testStoreMessage" classname="poe.MessageTest" time="0.003">
    <system-out><![CDATA[Message Store Result: Message successfully stored.
]]></system-out>
  </testcase>
  <testcase name="testSendMessage" classname="poe.MessageTest" time="0.006">
    <system-out><![CDATA[Message Sent Result: Message successfully sent.
]]></system-out>
  </testcase>
  <testcase name="testMessageLengthInvalid" classname="poe.MessageTest" time="0.043">
    <system-out><![CDATA[Test Message Length Invalid: false, Message exceeds 250 characters by 10 characters, please reduce the size.
]]></system-out>
  </testcase>
  <testcase name="testMessageLengthValid" classname="poe.MessageTest" time="0.012">
    <system-out><![CDATA[Test Message Length Valid: true, Message ready to send.
]]></system-out>
  </testcase>
  <testcase name="testRecipientNumberValid" classname="poe.MessageTest" time="0.027">
    <system-out><![CDATA[Recipient Number is Valid: true, Cellphone number successfully captured.
]]></system-out>
  </testcase>
  <testcase name="testMessageHashCreated" classname="poe.MessageTest" time="0.019">
    <system-out><![CDATA[Generated Hash test 1: 00:HITONIGHT
]]></system-out>
  </testcase>
  <testcase name="testMessageIDGenerated" classname="poe.MessageTest" time="0.007">
    <system-out><![CDATA[Generated Message ID: 3144534211
]]></system-out>
  </testcase>
  <testcase name="testMultipleMessageHashCreated" classname="poe.MessageTest" time="0.002">
    <system-out><![CDATA[Generated Hash: 00:HITONIGHT
Generated Hash: 01:HIPAYMENT
]]></system-out>
  </testcase>
</testsuite>